app/build/intermediates/manifest_merge_blame_file/debug/manifest-merger-blame-debug-report.txt
1<?xml version="1.0" encoding="utf-8"?>
2<manifest xmlns:android="http://schemas.android.com/apk/res/android"
3    package="com.example.crs"
4    android:versionCode="1"
5    android:versionName="1.0" >
6
7    <uses-sdk
8        android:minSdkVersion="19"
8-->src/main/AndroidManifest.xml
9        android:targetSdkVersion="31" />
9-->src/main/AndroidManifest.xml
10
11    <uses-permission android:name="android.permission.ACCESS_COARSE_LOCATION" />
11-->src/main/AndroidManifest.xml:5:5-81
11-->src/main/AndroidManifest.xml:5:22-78
12    <uses-permission android:name="android.permission.ACCESS_FINE_LOCATION" />
12-->src/main/AndroidManifest.xml:6:5-79
12-->src/main/AndroidManifest.xml:6:22-76
13    <uses-permission android:name="android.permission.INTERNET" />
13-->src/main/AndroidManifest.xml:7:5-67
13-->src/main/AndroidManifest.xml:7:22-64
14    <uses-permission android:name="android.permission.ACCESS_NETWORK_STATE" />
14-->src/main/AndroidManifest.xml:8:5-79
14-->src/main/AndroidManifest.xml:8:22-76
15    <uses-permission android:name="android.permission.CALL_PHONE" />
15-->src/main/AndroidManifest.xml:9:5-68
15-->src/main/AndroidManifest.xml:9:22-66
16    <uses-permission android:name="android.permission.CAMERA" />
16-->src/main/AndroidManifest.xml:10:5-64
16-->src/main/AndroidManifest.xml:10:22-62
17    <uses-permission android:name="android.permission.INTERNAL_SYSTEM_WINDOW" />
17-->src/main/AndroidManifest.xml:11:5-13:47
17-->src/main/AndroidManifest.xml:12:9-65
18    <uses-permission android:name="android.permission.READ_EXTERNAL_STORAGE" />
18-->src/main/AndroidManifest.xml:14:5-80
18-->src/main/AndroidManifest.xml:14:22-77
19    <uses-permission android:name="android.permission.WRITE_EXTERNAL_STORAGE" />
19-->src/main/AndroidManifest.xml:15:5-81
19-->src/main/AndroidManifest.xml:15:22-78
20    <uses-permission android:name="android.permission.ACCESS_WIFI_STATE" />
20-->[com.google.android.libraries.places:places:2.6.0] AndroidManifest.xml:10:5-76
20-->[com.google.android.libraries.places:places:2.6.0] AndroidManifest.xml:10:22-73
21
22    <uses-feature
22-->[com.google.android.gms:play-services-maps:17.0.0] AndroidManifest.xml:26:5-28:35
23        android:glEsVersion="0x00020000"
23-->[com.google.android.gms:play-services-maps:17.0.0] AndroidManifest.xml:27:9-41
24        android:required="true" />
24-->[com.google.android.gms:play-services-maps:17.0.0] AndroidManifest.xml:28:9-32
25
26    <application
26-->src/main/AndroidManifest.xml:17:5-95:19
27        android:name="com.example.crs.CRS_Persistent"
27-->src/main/AndroidManifest.xml:18:9-39
28        android:allowBackup="true"
28-->src/main/AndroidManifest.xml:19:9-35
29        android:appComponentFactory="androidx.core.app.CoreComponentFactory"
29-->[androidx.core:core:1.8.0] AndroidManifest.xml:24:18-86
30        android:debuggable="true"
30-->src/main/AndroidManifest.xml:26:9-34
31        android:icon="@mipmap/crs_log"
31-->src/main/AndroidManifest.xml:20:9-39
32        android:label="@string/app_name"
32-->src/main/AndroidManifest.xml:21:9-41
33        android:roundIcon="@mipmap/crs_log"
33-->src/main/AndroidManifest.xml:22:9-44
34        android:supportsRtl="true"
34-->src/main/AndroidManifest.xml:23:9-35
35        android:testOnly="true"
35-->src/main/AndroidManifest.xml:25:9-33
36        android:theme="@style/Theme.CRS" >
36-->src/main/AndroidManifest.xml:24:9-41
37        <provider
38            android:name="androidx.core.content.FileProvider"
38-->src/main/AndroidManifest.xml:29:13-62
39            android:authorities="com.example.crs.provider"
39-->src/main/AndroidManifest.xml:30:13-60
40            android:exported="false"
40-->src/main/AndroidManifest.xml:31:13-37
41            android:grantUriPermissions="true" >
41-->src/main/AndroidManifest.xml:32:13-47
42            <meta-data
42-->src/main/AndroidManifest.xml:33:13-35:57
43                android:name="android.support.FILE_PROVIDER_PATHS"
43-->src/main/AndroidManifest.xml:34:17-67
44                android:resource="@xml/provider_paths" />
44-->src/main/AndroidManifest.xml:35:17-55
45        </provider>
46
47        <meta-data
47-->src/main/AndroidManifest.xml:37:9-39:69
48            android:name="com.google.android.gms.version"
48-->src/main/AndroidManifest.xml:38:13-58
49            android:value="@integer/google_play_services_version" />
49-->src/main/AndroidManifest.xml:39:13-66
50        <meta-data
50-->src/main/AndroidManifest.xml:40:9-42:55
51            android:name="com.google.android.geo.API_KEY"
51-->src/main/AndroidManifest.xml:41:13-58
52            android:value="@string/google_maps_key" />
52-->src/main/AndroidManifest.xml:42:13-52
53
54        <activity
54-->src/main/AndroidManifest.xml:44:9-47:64
55            android:name="com.example.crs.GetRoute"
55-->src/main/AndroidManifest.xml:45:13-37
56            android:exported="true"
56-->src/main/AndroidManifest.xml:46:13-36
57            android:label="@string/title_activity_get_route" />
57-->src/main/AndroidManifest.xml:47:13-61
58        <activity
58-->src/main/AndroidManifest.xml:48:9-50:39
59            android:name="com.example.crs.EditCrime"
59-->src/main/AndroidManifest.xml:49:13-38
60            android:exported="true" />
60-->src/main/AndroidManifest.xml:50:13-36
61        <activity
61-->src/main/AndroidManifest.xml:51:9-52:38
62            android:name="com.example.crs.RecievedComplaints"
62-->src/main/AndroidManifest.xml:51:19-53
63            android:exported="true" />
63-->src/main/AndroidManifest.xml:52:13-36
64        <activity
64-->src/main/AndroidManifest.xml:53:9-54:38
65            android:name="com.example.crs.MyMessages"
65-->src/main/AndroidManifest.xml:53:19-45
66            android:exported="true" />
66-->src/main/AndroidManifest.xml:54:13-36
67        <activity
67-->src/main/AndroidManifest.xml:55:9-58:38
68            android:name="com.example.crs.ReportedComplaints"
68-->src/main/AndroidManifest.xml:56:13-47
69            android:exported="true"
69-->src/main/AndroidManifest.xml:58:13-36
70            android:theme="@style/AppTheme.NoActionBar" />
70-->src/main/AndroidManifest.xml:57:13-56
71        <activity
71-->src/main/AndroidManifest.xml:59:9-60:38
72            android:name="com.example.crs.PoliceHome"
72-->src/main/AndroidManifest.xml:59:19-45
73            android:exported="true" />
73-->src/main/AndroidManifest.xml:60:13-36
74        <activity
74-->src/main/AndroidManifest.xml:61:9-62:38
75            android:name="com.example.crs.MyReportedComplaints"
75-->src/main/AndroidManifest.xml:61:19-55
76            android:exported="true" />
76-->src/main/AndroidManifest.xml:62:13-36
77        <activity
77-->src/main/AndroidManifest.xml:63:9-66:59
78            android:name="com.example.crs.CrimeComplaint"
78-->src/main/AndroidManifest.xml:64:13-43
79            android:exported="true"
79-->src/main/AndroidManifest.xml:65:13-36
80            android:theme="@style/AppTheme.NoActionBar" />
80-->src/main/AndroidManifest.xml:66:13-56
81        <activity
81-->src/main/AndroidManifest.xml:67:9-68:38
82            android:name="com.example.crs.SettingsPage"
82-->src/main/AndroidManifest.xml:67:19-47
83            android:exported="true" />
83-->src/main/AndroidManifest.xml:68:13-36
84        <activity
84-->src/main/AndroidManifest.xml:69:9-70:38
85            android:name="com.example.crs.Profile"
85-->src/main/AndroidManifest.xml:69:19-42
86            android:exported="true" />
86-->src/main/AndroidManifest.xml:70:13-36
87        <activity
87-->src/main/AndroidManifest.xml:71:9-74:70
88            android:name="com.example.crs.PoliceStations"
88-->src/main/AndroidManifest.xml:72:13-43
89            android:exported="true"
89-->src/main/AndroidManifest.xml:73:13-36
90            android:label="@string/title_activity_police_stations" />
90-->src/main/AndroidManifest.xml:74:13-67
91        <activity
91-->src/main/AndroidManifest.xml:75:9-76:38
92            android:name="com.example.crs.Home"
92-->src/main/AndroidManifest.xml:75:19-39
93            android:exported="true" />
93-->src/main/AndroidManifest.xml:76:13-36
94        <activity
94-->src/main/AndroidManifest.xml:77:9-78:38
95            android:name="com.example.crs.Register"
95-->src/main/AndroidManifest.xml:77:19-43
96            android:exported="true" />
96-->src/main/AndroidManifest.xml:78:13-36
97        <activity
97-->src/main/AndroidManifest.xml:79:9-80:38
98            android:name="com.example.crs.LoginPage"
98-->src/main/AndroidManifest.xml:79:19-44
99            android:exported="true" />
99-->src/main/AndroidManifest.xml:80:13-36
100        <activity
100-->src/main/AndroidManifest.xml:81:9-83:59
101            android:name="com.theartofdev.edmodo.cropper.CropImageActivity"
101-->src/main/AndroidManifest.xml:82:13-76
102            android:theme="@style/Base.Theme.AppCompat" />
102-->src/main/AndroidManifest.xml:83:13-56
103        <activity
103-->src/main/AndroidManifest.xml:84:9-94:20
104            android:name="com.example.crs.MainActivity"
104-->src/main/AndroidManifest.xml:85:13-41
105            android:exported="true"
105-->src/main/AndroidManifest.xml:86:13-36
106            android:label="@string/app_name"
106-->src/main/AndroidManifest.xml:87:13-45
107            android:theme="@style/Theme.CRS.NoActionBar" >
107-->src/main/AndroidManifest.xml:88:13-57
108            <intent-filter>
108-->src/main/AndroidManifest.xml:89:13-93:29
109                <action android:name="android.intent.action.MAIN" />
109-->src/main/AndroidManifest.xml:90:17-69
109-->src/main/AndroidManifest.xml:90:25-66
110
111                <category android:name="android.intent.category.LAUNCHER" />
111-->src/main/AndroidManifest.xml:92:17-77
111-->src/main/AndroidManifest.xml:92:27-74
112            </intent-filter>
113        </activity>
114        <activity
114-->[com.google.android.libraries.places:places:2.6.0] AndroidManifest.xml:14:9-20:20
115            android:name="com.google.android.libraries.places.widget.AutocompleteActivity"
115-->[com.google.android.libraries.places:places:2.6.0] AndroidManifest.xml:15:13-91
116            android:exported="false"
116-->[com.google.android.libraries.places:places:2.6.0] AndroidManifest.xml:16:13-37
117            android:label="@string/places_autocomplete_label"
117-->[com.google.android.libraries.places:places:2.6.0] AndroidManifest.xml:17:13-62
118            android:theme="@style/PlacesAutocompleteOverlay"
118-->[com.google.android.libraries.places:places:2.6.0] AndroidManifest.xml:18:13-61
119            android:windowSoftInputMode="adjustResize" >
119-->[com.google.android.libraries.places:places:2.6.0] AndroidManifest.xml:19:13-55
120        </activity>
121
122        <service
122-->[com.google.firebase:firebase-database:20.0.5] AndroidManifest.xml:29:9-35:19
123            android:name="com.google.firebase.components.ComponentDiscoveryService"
123-->[com.google.firebase:firebase-database:20.0.5] AndroidManifest.xml:30:13-84
124            android:directBootAware="true"
124-->[com.google.firebase:firebase-common:20.1.1] AndroidManifest.xml:35:13-43
125            android:exported="false" >
125-->[com.google.firebase:firebase-database:20.0.5] AndroidManifest.xml:31:13-37
126            <meta-data
126-->[com.google.firebase:firebase-database:20.0.5] AndroidManifest.xml:32:13-34:85
127                android:name="com.google.firebase.components:com.google.firebase.database.DatabaseRegistrar"
127-->[com.google.firebase:firebase-database:20.0.5] AndroidManifest.xml:33:17-109
128                android:value="com.google.firebase.components.ComponentRegistrar" />
128-->[com.google.firebase:firebase-database:20.0.5] AndroidManifest.xml:34:17-82
129            <meta-data
129-->[com.google.firebase:firebase-storage:20.0.1] AndroidManifest.xml:33:13-35:85
130                android:name="com.google.firebase.components:com.google.firebase.storage.StorageRegistrar"
130-->[com.google.firebase:firebase-storage:20.0.1] AndroidManifest.xml:34:17-107
131                android:value="com.google.firebase.components.ComponentRegistrar" />
131-->[com.google.firebase:firebase-storage:20.0.1] AndroidManifest.xml:35:17-82
132            <meta-data
132-->[com.google.firebase:firebase-auth:21.0.1] AndroidManifest.xml:77:13-79:85
133                android:name="com.google.firebase.components:com.google.firebase.auth.FirebaseAuthRegistrar"
133-->[com.google.firebase:firebase-auth:21.0.1] AndroidManifest.xml:78:17-109
134                android:value="com.google.firebase.components.ComponentRegistrar" />
134-->[com.google.firebase:firebase-auth:21.0.1] AndroidManifest.xml:79:17-82
135        </service>
136
137        <activity
137-->[com.google.firebase:firebase-auth:21.0.1] AndroidManifest.xml:27:9-44:20
138            android:name="com.google.firebase.auth.internal.GenericIdpActivity"
138-->[com.google.firebase:firebase-auth:21.0.1] AndroidManifest.xml:28:13-80
139            android:excludeFromRecents="true"
139-->[com.google.firebase:firebase-auth:21.0.1] AndroidManifest.xml:29:13-46
140            android:exported="true"
140-->[com.google.firebase:firebase-auth:21.0.1] AndroidManifest.xml:30:13-36
141            android:launchMode="singleTask"
141-->[com.google.firebase:firebase-auth:21.0.1] AndroidManifest.xml:31:13-44
142            android:theme="@android:style/Theme.Translucent.NoTitleBar" >
142-->[com.google.firebase:firebase-auth:21.0.1] AndroidManifest.xml:32:13-72
143            <intent-filter>
143-->[com.google.firebase:firebase-auth:21.0.1] AndroidManifest.xml:33:13-43:29
144                <action android:name="android.intent.action.VIEW" />
144-->[com.google.firebase:firebase-auth:21.0.1] AndroidManifest.xml:34:17-69
144-->[com.google.firebase:firebase-auth:21.0.1] AndroidManifest.xml:34:25-66
145
146                <category android:name="android.intent.category.DEFAULT" />
146-->[com.google.firebase:firebase-auth:21.0.1] AndroidManifest.xml:36:17-76
146-->[com.google.firebase:firebase-auth:21.0.1] AndroidManifest.xml:36:27-73
147                <category android:name="android.intent.category.BROWSABLE" />
147-->[com.google.firebase:firebase-auth:21.0.1] AndroidManifest.xml:37:17-78
147-->[com.google.firebase:firebase-auth:21.0.1] AndroidManifest.xml:37:27-75
148
149                <data
149-->[com.google.firebase:firebase-auth:21.0.1] AndroidManifest.xml:39:17-42:51
150                    android:host="firebase.auth"
150-->[com.google.firebase:firebase-auth:21.0.1] AndroidManifest.xml:40:21-49
151                    android:path="/"
151-->[com.google.firebase:firebase-auth:21.0.1] AndroidManifest.xml:41:21-37
152                    android:scheme="genericidp" />
152-->[com.google.firebase:firebase-auth:21.0.1] AndroidManifest.xml:42:21-48
153            </intent-filter>
154        </activity>
155        <activity
155-->[com.google.firebase:firebase-auth:21.0.1] AndroidManifest.xml:45:9-62:20
156            android:name="com.google.firebase.auth.internal.RecaptchaActivity"
156-->[com.google.firebase:firebase-auth:21.0.1] AndroidManifest.xml:46:13-79
157            android:excludeFromRecents="true"
157-->[com.google.firebase:firebase-auth:21.0.1] AndroidManifest.xml:47:13-46
158            android:exported="true"
158-->[com.google.firebase:firebase-auth:21.0.1] AndroidManifest.xml:48:13-36
159            android:launchMode="singleTask"
159-->[com.google.firebase:firebase-auth:21.0.1] AndroidManifest.xml:49:13-44
160            android:theme="@android:style/Theme.Translucent.NoTitleBar" >
160-->[com.google.firebase:firebase-auth:21.0.1] AndroidManifest.xml:50:13-72
161            <intent-filter>
161-->[com.google.firebase:firebase-auth:21.0.1] AndroidManifest.xml:51:13-61:29
162                <action android:name="android.intent.action.VIEW" />
162-->[com.google.firebase:firebase-auth:21.0.1] AndroidManifest.xml:34:17-69
162-->[com.google.firebase:firebase-auth:21.0.1] AndroidManifest.xml:34:25-66
163
164                <category android:name="android.intent.category.DEFAULT" />
164-->[com.google.firebase:firebase-auth:21.0.1] AndroidManifest.xml:36:17-76
164-->[com.google.firebase:firebase-auth:21.0.1] AndroidManifest.xml:36:27-73
165                <category android:name="android.intent.category.BROWSABLE" />
165-->[com.google.firebase:firebase-auth:21.0.1] AndroidManifest.xml:37:17-78
165-->[com.google.firebase:firebase-auth:21.0.1] AndroidManifest.xml:37:27-75
166
167                <data
167-->[com.google.firebase:firebase-auth:21.0.1] AndroidManifest.xml:39:17-42:51
168                    android:host="firebase.auth"
168-->[com.google.firebase:firebase-auth:21.0.1] AndroidManifest.xml:40:21-49
169                    android:path="/"
169-->[com.google.firebase:firebase-auth:21.0.1] AndroidManifest.xml:41:21-37
170                    android:scheme="recaptcha" />
170-->[com.google.firebase:firebase-auth:21.0.1] AndroidManifest.xml:42:21-48
171            </intent-filter>
172        </activity>
173
174        <service
174-->[com.google.firebase:firebase-auth:21.0.1] AndroidManifest.xml:64:9-73:19
175            android:name="com.google.firebase.auth.api.fallback.service.FirebaseAuthFallbackService"
175-->[com.google.firebase:firebase-auth:21.0.1] AndroidManifest.xml:65:13-101
176            android:enabled="true"
176-->[com.google.firebase:firebase-auth:21.0.1] AndroidManifest.xml:66:13-35
177            android:exported="false" >
177-->[com.google.firebase:firebase-auth:21.0.1] AndroidManifest.xml:67:13-37
178            <intent-filter>
178-->[com.google.firebase:firebase-auth:21.0.1] AndroidManifest.xml:68:13-72:29
179                <action android:name="com.google.firebase.auth.api.gms.service.START" />
179-->[com.google.firebase:firebase-auth:21.0.1] AndroidManifest.xml:69:17-89
179-->[com.google.firebase:firebase-auth:21.0.1] AndroidManifest.xml:69:25-86
180
181                <category android:name="android.intent.category.DEFAULT" />
181-->[com.google.firebase:firebase-auth:21.0.1] AndroidManifest.xml:36:17-76
181-->[com.google.firebase:firebase-auth:21.0.1] AndroidManifest.xml:36:27-73
182            </intent-filter>
183        </service>
184
185        <provider
185-->[androidx.emoji2:emoji2:1.0.0] AndroidManifest.xml:26:9-34:20
186            android:name="androidx.startup.InitializationProvider"
186-->[androidx.emoji2:emoji2:1.0.0] AndroidManifest.xml:27:13-67
187            android:authorities="com.example.crs.androidx-startup"
187-->[androidx.emoji2:emoji2:1.0.0] AndroidManifest.xml:28:13-68
188            android:exported="false" >
188-->[androidx.emoji2:emoji2:1.0.0] AndroidManifest.xml:29:13-37
189            <meta-data
189-->[androidx.emoji2:emoji2:1.0.0] AndroidManifest.xml:31:13-33:52
190                android:name="androidx.emoji2.text.EmojiCompatInitializer"
190-->[androidx.emoji2:emoji2:1.0.0] AndroidManifest.xml:32:17-75
191                android:value="androidx.startup" />
191-->[androidx.emoji2:emoji2:1.0.0] AndroidManifest.xml:33:17-49
192            <meta-data
192-->[androidx.lifecycle:lifecycle-process:2.4.0] AndroidManifest.xml:31:13-33:52
193                android:name="androidx.lifecycle.ProcessLifecycleInitializer"
193-->[androidx.lifecycle:lifecycle-process:2.4.0] AndroidManifest.xml:32:17-78
194                android:value="androidx.startup" />
194-->[androidx.lifecycle:lifecycle-process:2.4.0] AndroidManifest.xml:33:17-49
195        </provider> <!-- Needs to be explicitly declared on P+ -->
196        <uses-library
196-->[com.google.android.gms:play-services-maps:17.0.0] AndroidManifest.xml:33:9-35:40
197            android:name="org.apache.http.legacy"
197-->[com.google.android.gms:play-services-maps:17.0.0] AndroidManifest.xml:34:13-50
198            android:required="false" />
198-->[com.google.android.gms:play-services-maps:17.0.0] AndroidManifest.xml:35:13-37
199
200        <activity
200-->[com.google.android.gms:play-services-base:18.0.1] AndroidManifest.xml:20:9-22:45
201            android:name="com.google.android.gms.common.api.GoogleApiActivity"
201-->[com.google.android.gms:play-services-base:18.0.1] AndroidManifest.xml:20:19-85
202            android:exported="false"
202-->[com.google.android.gms:play-services-base:18.0.1] AndroidManifest.xml:22:19-43
203            android:theme="@android:style/Theme.Translucent.NoTitleBar" />
203-->[com.google.android.gms:play-services-base:18.0.1] AndroidManifest.xml:21:19-78
204
205        <provider
205-->[com.google.firebase:firebase-common:20.1.1] AndroidManifest.xml:26:9-31:39
206            android:name="com.google.firebase.provider.FirebaseInitProvider"
206-->[com.google.firebase:firebase-common:20.1.1] AndroidManifest.xml:27:13-77
207            android:authorities="com.example.crs.firebaseinitprovider"
207-->[com.google.firebase:firebase-common:20.1.1] AndroidManifest.xml:28:13-72
208            android:directBootAware="true"
208-->[com.google.firebase:firebase-common:20.1.1] AndroidManifest.xml:29:13-43
209            android:exported="false"
209-->[com.google.firebase:firebase-common:20.1.1] AndroidManifest.xml:30:13-37
210            android:initOrder="100" />
210-->[com.google.firebase:firebase-common:20.1.1] AndroidManifest.xml:31:13-36
211
212        <service
212-->[com.google.android.datatransport:transport-backend-cct:2.3.0] AndroidManifest.xml:29:9-35:19
213            android:name="com.google.android.datatransport.runtime.backends.TransportBackendDiscovery"
213-->[com.google.android.datatransport:transport-backend-cct:2.3.0] AndroidManifest.xml:30:13-103
214            android:exported="false" >
214-->[com.google.android.datatransport:transport-backend-cct:2.3.0] AndroidManifest.xml:31:13-37
215            <meta-data
215-->[com.google.android.datatransport:transport-backend-cct:2.3.0] AndroidManifest.xml:32:13-34:39
216                android:name="backend:com.google.android.datatransport.cct.CctBackendFactory"
216-->[com.google.android.datatransport:transport-backend-cct:2.3.0] AndroidManifest.xml:33:17-94
217                android:value="cct" />
217-->[com.google.android.datatransport:transport-backend-cct:2.3.0] AndroidManifest.xml:34:17-36
218        </service>
219        <service
219-->[com.google.android.datatransport:transport-runtime:2.2.3] AndroidManifest.xml:26:9-30:19
220            android:name="com.google.android.datatransport.runtime.scheduling.jobscheduling.JobInfoSchedulerService"
220-->[com.google.android.datatransport:transport-runtime:2.2.3] AndroidManifest.xml:27:13-117
221            android:exported="false"
221-->[com.google.android.datatransport:transport-runtime:2.2.3] AndroidManifest.xml:28:13-37
222            android:permission="android.permission.BIND_JOB_SERVICE" >
222-->[com.google.android.datatransport:transport-runtime:2.2.3] AndroidManifest.xml:29:13-69
223        </service>
224
225        <receiver
225-->[com.google.android.datatransport:transport-runtime:2.2.3] AndroidManifest.xml:32:9-34:40
226            android:name="com.google.android.datatransport.runtime.scheduling.jobscheduling.AlarmManagerSchedulerBroadcastReceiver"
226-->[com.google.android.datatransport:transport-runtime:2.2.3] AndroidManifest.xml:33:13-132
227            android:exported="false" />
227-->[com.google.android.datatransport:transport-runtime:2.2.3] AndroidManifest.xml:34:13-37
228
229        <uses-library
229-->[androidx.window:window:1.0.0] AndroidManifest.xml:25:9-27:40
230            android:name="androidx.window.extensions"
230-->[androidx.window:window:1.0.0] AndroidManifest.xml:26:13-54
231            android:required="false" />
231-->[androidx.window:window:1.0.0] AndroidManifest.xml:27:13-37
232        <uses-library
232-->[androidx.window:window:1.0.0] AndroidManifest.xml:28:9-30:40
233            android:name="androidx.window.sidecar"
233-->[androidx.window:window:1.0.0] AndroidManifest.xml:29:13-51
234            android:required="false" />
234-->[androidx.window:window:1.0.0] AndroidManifest.xml:30:13-37
235
236        <provider
236-->[com.squareup.picasso:picasso:2.71828] AndroidManifest.xml:8:9-11:40
237            android:name="com.squareup.picasso.PicassoProvider"
237-->[com.squareup.picasso:picasso:2.71828] AndroidManifest.xml:9:13-64
238            android:authorities="com.example.crs.com.squareup.picasso"
238-->[com.squareup.picasso:picasso:2.71828] AndroidManifest.xml:10:13-72
239            android:exported="false" />
239-->[com.squareup.picasso:picasso:2.71828] AndroidManifest.xml:11:13-37
240    </application>
241
242</manifest>